#-----------------------------------------------------------
# Vivado v2018.2 (64-bit)
# SW Build 2258646 on Thu Jun 14 20:03:12 MDT 2018
# IP Build 2256618 on Thu Jun 14 22:10:49 MDT 2018
# Start of session at: Tue Feb  7 22:33:32 2023
# Process ID: 7740
# Current directory: C:/Users/Фёдор.23476-PC/Desktop/rom_lab_
# Command line: vivado.exe -gui_launcher_event rodinguilauncherevent16028 C:\Users\Фёдор.23476-PC\Desktop\rom_lab_\rom_lab_.xpr
# Log file: C:/Users/Фёдор.23476-PC/Desktop/rom_lab_/vivado.log
# Journal file: C:/Users/Фёдор.23476-PC/Desktop/rom_lab_\vivado.jou
#-----------------------------------------------------------
start_gui
open_project C:/Users/Фёдор.23476-PC/Desktop/rom_lab_/rom_lab_.xpr
INFO: [Project 1-313] Project file moved from 'D:/2022-1/rk_91/Markovskiy/rom_lab_' since last save.
Scanning sources...
Finished scanning sources
INFO: [Project 1-230] Project 'rom_lab_.xpr' upgraded for this version of Vivado.
INFO: [IP_Flow 19-234] Refreshing IP repositories
INFO: [IP_Flow 19-1704] No user IP repositories specified
INFO: [IP_Flow 19-2313] Loaded Vivado IP repository 'Z:/Programs/Vivado/2018.2/data/ip'.
open_project: Time (s): cpu = 00:00:08 ; elapsed = 00:00:11 . Memory (MB): peak = 846.070 ; gain = 137.895
update_compile_order -fileset sources_1
